<?xml version="1.0" encoding="UTF-8"?>
<!-- Generated by org.testng.reporters.JUnitReportReporter -->
<testsuite skipped="0" hostname="DESKTOP-77FO7BT" name="cRUDOperationWithBDDApproach.UpdateProjectTest" tests="1" failures="0" timestamp="2022-11-07T11:20:13 IST" time="4.026" errors="0">
  <testcase name="updateProjectTest" time="4.026" classname="cRUDOperationWithBDDApproach.UpdateProjectTest"/>
  <system-out/>
</testsuite> <!-- cRUDOperationWithBDDApproach.UpdateProjectTest -->
