<?xml version="1.0" encoding="UTF-8"?>
<!-- Generated by org.testng.reporters.JUnitReportReporter -->
<testsuite skipped="0" hostname="DESKTOP-77FO7BT" name="postRequestWithDifferntWays.WithJSONFile" tests="1" failures="0" timestamp="2022-11-07T16:05:42 IST" time="3.291" errors="0">
  <testcase name="addProject" time="3.291" classname="postRequestWithDifferntWays.WithJSONFile"/>
  <system-out/>
</testsuite> <!-- postRequestWithDifferntWays.WithJSONFile -->
