<?xml version="1.0" encoding="UTF-8"?>
<!-- Generated by org.testng.reporters.JUnitReportReporter -->
<testsuite skipped="0" hostname="DESKTOP-77FO7BT" name="cRUDOperationWithBDDApproach.DeleteProjectTest" tests="1" failures="0" timestamp="2022-11-07T11:45:10 IST" time="3.553" errors="0">
  <testcase name="readProjectTest" time="3.553" classname="cRUDOperationWithBDDApproach.DeleteProjectTest"/>
  <system-out/>
</testsuite> <!-- cRUDOperationWithBDDApproach.DeleteProjectTest -->
