<?xml version="1.0" encoding="UTF-8"?>
<!-- Generated by org.testng.reporters.JUnitReportReporter -->
<testsuite skipped="0" hostname="DESKTOP-77FO7BT" name="authenticationApi.requestChainingWithPropertyFileTest" tests="2" failures="0" timestamp="2022-11-10T13:24:40 IST" time="5.877" errors="0">
  <testcase name="createProject" time="5.346" classname="authenticationApi.requestChainingWithPropertyFileTest"/>
  <system-out/>
  <testcase name="readProject" time="0.531" classname="authenticationApi.requestChainingWithPropertyFileTest"/>
  <system-out/>
</testsuite> <!-- authenticationApi.requestChainingWithPropertyFileTest -->
