<?xml version="1.0" encoding="UTF-8"?>
<!-- Generated by org.testng.reporters.JUnitReportReporter -->
<testsuite skipped="0" hostname="DESKTOP-77FO7BT" name="cRUDOperationWithBDDApproach.AddProjectWithCreatedByBooleanTest" tests="1" failures="0" timestamp="2022-11-08T11:47:47 IST" time="4.068" errors="0">
  <testcase name="addProjectTest" time="4.068" classname="cRUDOperationWithBDDApproach.AddProjectWithCreatedByBooleanTest"/>
  <system-out/>
</testsuite> <!-- cRUDOperationWithBDDApproach.AddProjectWithCreatedByBooleanTest -->
