<?xml version="1.0" encoding="UTF-8"?>
<!-- Generated by org.testng.reporters.JUnitReportReporter -->
<testsuite hostname="DESKTOP-77FO7BT" name="serializationAndDeserialization.serializationOfEmployeeDetailsWithArrayTest" tests="1" failures="0" timestamp="3 Nov 2022 10:25:02 GMT" time="0.468" errors="0">
  <testcase name="employeeDetailsWithArrayTest" time="0.468" classname="serializationAndDeserialization.serializationOfEmployeeDetailsWithArrayTest"/>
</testsuite> <!-- serializationAndDeserialization.serializationOfEmployeeDetailsWithArrayTest -->
