<?xml version="1.0" encoding="UTF-8"?>
<!-- Generated by org.testng.reporters.JUnitReportReporter -->
<testsuite skipped="0" hostname="DESKTOP-77FO7BT" name="postRequestWithDifferntWays.WithPOJOClassTest" tests="1" failures="0" timestamp="2022-11-07T15:39:58 IST" time="3.859" errors="0">
  <testcase name="addProject" time="3.859" classname="postRequestWithDifferntWays.WithPOJOClassTest"/>
  <system-out/>
</testsuite> <!-- postRequestWithDifferntWays.WithPOJOClassTest -->
