<?xml version="1.0" encoding="UTF-8"?>
<!-- Generated by org.testng.reporters.JUnitReportReporter -->
<testsuite skipped="0" hostname="DESKTOP-77FO7BT" name="cRUDOperationWithoutBDDApproach.AddPojectTest" tests="1" failures="0" timestamp="2022-11-04T17:15:34 IST" time="4.328" errors="0">
  <testcase name="addProjectTest" time="4.328" classname="cRUDOperationWithoutBDDApproach.AddPojectTest"/>
  <system-out/>
</testsuite> <!-- cRUDOperationWithoutBDDApproach.AddPojectTest -->
