<?xml version="1.0" encoding="UTF-8"?>
<!-- Generated by org.testng.reporters.JUnitReportReporter -->
<testsuite skipped="0" hostname="DESKTOP-77FO7BT" name="cRUDOperationWithoutBDDApproach.DeleteProjectTest" tests="1" failures="0" timestamp="2022-11-04T15:37:39 IST" time="3.512" errors="0">
  <testcase name="deleteProject" time="3.512" classname="cRUDOperationWithoutBDDApproach.DeleteProjectTest"/>
  <system-out/>
</testsuite> <!-- cRUDOperationWithoutBDDApproach.DeleteProjectTest -->
