<?xml version="1.0" encoding="UTF-8"?>
<!-- Generated by org.testng.reporters.JUnitReportReporter -->
<testsuite skipped="0" hostname="DESKTOP-77FO7BT" name="authenticationApi.basicAuthTest" tests="1" failures="0" timestamp="2022-11-11T16:08:34 IST" time="3.610" errors="0">
  <testcase name="auth" time="3.610" classname="authenticationApi.basicAuthTest"/>
  <system-out/>
</testsuite> <!-- authenticationApi.basicAuthTest -->
