<?xml version="1.0" encoding="UTF-8"?>
<!-- Generated by org.testng.reporters.JUnitReportReporter -->
<testsuite hostname="DESKTOP-77FO7BT" name="serializationAndDeserialization.DeserializationOfEmployeeTest" tests="1" failures="0" timestamp="3 Nov 2022 12:00:02 GMT" time="0.484" errors="0">
  <testcase name="deserializationEmpDetails" time="0.484" classname="serializationAndDeserialization.DeserializationOfEmployeeTest"/>
</testsuite> <!-- serializationAndDeserialization.DeserializationOfEmployeeTest -->
