<?xml version="1.0" encoding="UTF-8"?>
<!-- Generated by org.testng.reporters.JUnitReportReporter -->
<testsuite skipped="0" hostname="DESKTOP-77FO7BT" name="cRUDOperationWithBDDApproach.AddProjectWithProjectNameInt" tests="1" failures="0" timestamp="2022-11-07T17:43:30 IST" time="4.223" errors="0">
  <testcase name="addProject" time="4.223" classname="cRUDOperationWithBDDApproach.AddProjectWithProjectNameInt"/>
  <system-out/>
</testsuite> <!-- cRUDOperationWithBDDApproach.AddProjectWithProjectNameInt -->
