<?xml version="1.0" encoding="UTF-8"?>
<!-- Generated by org.testng.reporters.JUnitReportReporter -->
<testsuite skipped="0" hostname="DESKTOP-77FO7BT" name="cRUDOperationWithBDDApproach.AddProjectWithCreatedByIntTest" tests="1" failures="0" timestamp="2022-11-08T11:48:49 IST" time="3.706" errors="0">
  <testcase name="addProjectTest" time="3.706" classname="cRUDOperationWithBDDApproach.AddProjectWithCreatedByIntTest"/>
  <system-out/>
</testsuite> <!-- cRUDOperationWithBDDApproach.AddProjectWithCreatedByIntTest -->
