<?xml version="1.0" encoding="UTF-8"?>
<!-- Generated by org.testng.reporters.JUnitReportReporter -->
<testsuite skipped="0" hostname="DESKTOP-77FO7BT" name="cRUDOperationWithoutBDDApproach.ReadProjectTest" tests="1" failures="0" timestamp="2022-11-04T15:14:48 IST" time="3.597" errors="0">
  <testcase name="readAllProject" time="3.597" classname="cRUDOperationWithoutBDDApproach.ReadProjectTest"/>
  <system-out/>
</testsuite> <!-- cRUDOperationWithoutBDDApproach.ReadProjectTest -->
