<?xml version="1.0" encoding="UTF-8"?>
<!-- Generated by org.testng.reporters.JUnitReportReporter -->
<testsuite skipped="0" hostname="DESKTOP-77FO7BT" name="cRUDOperationWithoutBDDApproach.UpdateProjectTest" tests="1" failures="0" timestamp="2022-11-04T15:28:38 IST" time="4.497" errors="0">
  <testcase name="updateProject" time="4.497" classname="cRUDOperationWithoutBDDApproach.UpdateProjectTest"/>
  <system-out/>
</testsuite> <!-- cRUDOperationWithoutBDDApproach.UpdateProjectTest -->
