<?xml version="1.0" encoding="UTF-8"?>
<!-- Generated by org.testng.reporters.JUnitReportReporter -->
<testsuite skipped="0" hostname="DESKTOP-77FO7BT" name="cRUDOperationWithBDDApproach.AddProjectTest" tests="1" failures="0" timestamp="2022-11-07T15:33:45 IST" time="3.957" errors="0">
  <testcase name="addProjectTest" time="3.957" classname="cRUDOperationWithBDDApproach.AddProjectTest"/>
  <system-out/>
</testsuite> <!-- cRUDOperationWithBDDApproach.AddProjectTest -->
