<?xml version="1.0" encoding="UTF-8"?>
<!-- Generated by org.testng.reporters.JUnitReportReporter -->
<testsuite skipped="0" hostname="DESKTOP-77FO7BT" name="authenticationApi.RequestChainingTest" tests="2" failures="0" timestamp="2022-11-10T12:20:58 IST" time="5.840" errors="0">
  <testcase name="readProject" time="3.953" classname="authenticationApi.RequestChainingTest"/>
  <system-out/>
  <testcase name="requestChaining" time="1.887" classname="authenticationApi.RequestChainingTest"/>
  <system-out/>
</testsuite> <!-- authenticationApi.RequestChainingTest -->
