<?xml version="1.0" encoding="UTF-8"?>
<!-- Generated by org.testng.reporters.JUnitReportReporter -->
<testsuite skipped="0" hostname="DESKTOP-77FO7BT" name="cRUDOperationWithoutBDDApproach.ReadAllProjectTest" tests="1" failures="0" timestamp="2022-11-04T15:36:48 IST" time="4.606" errors="0">
  <testcase name="readProject" time="4.606" classname="cRUDOperationWithoutBDDApproach.ReadAllProjectTest"/>
  <system-out/>
</testsuite> <!-- cRUDOperationWithoutBDDApproach.ReadAllProjectTest -->
