<?xml version="1.0" encoding="UTF-8"?>
<!-- Generated by org.testng.reporters.JUnitReportReporter -->
<testsuite hostname="DESKTOP-77FO7BT" name="serializationAndDeserialization.DeSerializationOfEmployeeWithArrayTest" tests="1" failures="0" timestamp="3 Nov 2022 12:07:38 GMT" time="0.329" errors="0">
  <testcase name="deserializationOfEmplTest" time="0.329" classname="serializationAndDeserialization.DeSerializationOfEmployeeWithArrayTest"/>
</testsuite> <!-- serializationAndDeserialization.DeSerializationOfEmployeeWithArrayTest -->
