<?xml version="1.0" encoding="UTF-8"?>
<!-- Generated by org.testng.reporters.JUnitReportReporter -->
<testsuite skipped="0" hostname="DESKTOP-77FO7BT" name="pathParameter.DeleteProjectTest" tests="1" failures="0" timestamp="2022-11-09T11:00:38 IST" time="3.728" errors="0">
  <testcase name="deleteProject" time="3.728" classname="pathParameter.DeleteProjectTest"/>
  <system-out/>
</testsuite> <!-- pathParameter.DeleteProjectTest -->
