<?xml version="1.0" encoding="UTF-8"?>
<!-- Generated by org.testng.reporters.JUnitReportReporter -->
<testsuite skipped="0" hostname="DESKTOP-77FO7BT" name="pathParameter.UpdateProjectTest" tests="1" failures="0" timestamp="2022-11-09T10:58:55 IST" time="4.153" errors="0">
  <testcase name="updateProject" time="4.153" classname="pathParameter.UpdateProjectTest"/>
  <system-out/>
</testsuite> <!-- pathParameter.UpdateProjectTest -->
