<?xml version="1.0" encoding="UTF-8"?>
<!-- Generated by org.testng.reporters.JUnitReportReporter -->
<testsuite skipped="0" hostname="DESKTOP-77FO7BT" name="QueryParameter.ReadProjectTest" tests="1" failures="0" timestamp="2022-11-09T12:30:22 IST" time="4.855" errors="0">
  <testcase name="readProject" time="4.855" classname="QueryParameter.ReadProjectTest"/>
  <system-out/>
</testsuite> <!-- QueryParameter.ReadProjectTest -->
