<?xml version="1.0" encoding="UTF-8"?>
<!-- Generated by org.testng.reporters.JUnitReportReporter -->
<testsuite hostname="DESKTOP-77FO7BT" name="serializationAndDeserialization.SerializatiojnOfEmployeeTest" tests="1" failures="0" timestamp="3 Nov 2022 10:22:55 GMT" time="0.312" errors="0">
  <testcase name="employeeDetailsTest" time="0.312" classname="serializationAndDeserialization.SerializatiojnOfEmployeeTest"/>
</testsuite> <!-- serializationAndDeserialization.SerializatiojnOfEmployeeTest -->
