<?xml version="1.0" encoding="UTF-8"?>
<!-- Generated by org.testng.reporters.JUnitReportReporter -->
<testsuite skipped="0" hostname="DESKTOP-77FO7BT" name="pathParameter.ReadProjectTest" tests="1" failures="0" timestamp="2022-11-09T10:52:51 IST" time="3.720" errors="0">
  <testcase name="readProject" time="3.720" classname="pathParameter.ReadProjectTest"/>
  <system-out/>
</testsuite> <!-- pathParameter.ReadProjectTest -->
