<?xml version="1.0" encoding="UTF-8"?>
<!-- Generated by org.testng.reporters.JUnitReportReporter -->
<testsuite skipped="0" hostname="DESKTOP-77FO7BT" name="cRUDOperationWithBDDApproach.ReadProjectTest" tests="1" failures="0" timestamp="2022-11-07T11:35:53 IST" time="3.561" errors="0">
  <testcase name="readProjectTest" time="3.561" classname="cRUDOperationWithBDDApproach.ReadProjectTest"/>
  <system-out/>
</testsuite> <!-- cRUDOperationWithBDDApproach.ReadProjectTest -->
