<?xml version="1.0" encoding="UTF-8"?>
<!-- Generated by org.testng.reporters.JUnitReportReporter -->
<testsuite skipped="0" hostname="DESKTOP-77FO7BT" name="postRequestWithDifferntWays.DataProviderTest" tests="3" failures="0" timestamp="2022-11-08T12:26:50 IST" time="3.937" errors="0">
  <testcase name="createProject" time="0.125" classname="postRequestWithDifferntWays.DataProviderTest"/>
  <system-out/>
  <testcase name="createProject" time="0.109" classname="postRequestWithDifferntWays.DataProviderTest"/>
  <system-out/>
  <testcase name="createProject" time="3.703" classname="postRequestWithDifferntWays.DataProviderTest"/>
  <system-out/>
</testsuite> <!-- postRequestWithDifferntWays.DataProviderTest -->
