<?xml version="1.0" encoding="UTF-8"?>
<!-- Generated by org.testng.reporters.JUnitReportReporter -->
<testsuite skipped="0" hostname="DESKTOP-77FO7BT" name="validationOfAPI.StaticvalidationTest" tests="1" failures="0" timestamp="2022-11-09T16:52:20 IST" time="6.332" errors="0">
  <testcase name="Staticvalidation" time="6.332" classname="validationOfAPI.StaticvalidationTest"/>
  <system-out/>
</testsuite> <!-- validationOfAPI.StaticvalidationTest -->
