<?xml version="1.0" encoding="UTF-8"?>
<!-- Generated by org.testng.reporters.JUnitReportReporter -->
<testsuite skipped="0" hostname="DESKTOP-77FO7BT" name="validationOfAPI.DynamicValidationTest" tests="1" failures="0" timestamp="2022-11-10T11:05:32 IST" time="6.911" errors="0">
  <testcase name="dynamicValidation" time="6.911" classname="validationOfAPI.DynamicValidationTest"/>
  <system-out/>
</testsuite> <!-- validationOfAPI.DynamicValidationTest -->
