<?xml version="1.0" encoding="UTF-8"?>
<!-- Generated by org.testng.reporters.JUnitReportReporter -->
<testsuite skipped="0" hostname="DESKTOP-77FO7BT" name="authenticationApi.BearerToken" tests="1" failures="0" timestamp="2022-11-11T11:14:57 IST" time="7.390" errors="0">
  <testcase name="bearerToken" time="7.390" classname="authenticationApi.BearerToken"/>
  <system-out/>
</testsuite> <!-- authenticationApi.BearerToken -->
