<?xml version="1.0" encoding="UTF-8"?>
<!-- Generated by org.testng.reporters.JUnitReportReporter -->
<testsuite skipped="0" hostname="DESKTOP-77FO7BT" name="validationOfAPI.validation" tests="1" failures="0" timestamp="2022-11-09T16:38:45 IST" time="4.701" errors="0">
  <testcase name="validatio" time="4.701" classname="validationOfAPI.validation"/>
  <system-out/>
</testsuite> <!-- validationOfAPI.validation -->
