<?xml version="1.0" encoding="UTF-8"?>
<!-- Generated by org.testng.reporters.JUnitReportReporter -->
<testsuite skipped="0" hostname="DESKTOP-77FO7BT" name="postRequestWithDifferntWays.WithHashMapTest" tests="1" failures="0" timestamp="2022-11-07T15:36:52 IST" time="3.687" errors="0">
  <testcase name="addProjectTest" time="3.687" classname="postRequestWithDifferntWays.WithHashMapTest"/>
  <system-out/>
</testsuite> <!-- postRequestWithDifferntWays.WithHashMapTest -->
