<?xml version="1.0" encoding="UTF-8"?>
<!-- Generated by org.testng.reporters.JUnitReportReporter -->
<testsuite skipped="0" hostname="DESKTOP-77FO7BT" name="postRequestWithDifferntWays.DataProviderWithExcelFileTest" tests="3" failures="0" timestamp="2022-11-09T12:01:02 IST" time="3.859" errors="0">
  <testcase name="addProject" time="0.110" classname="postRequestWithDifferntWays.DataProviderWithExcelFileTest"/>
  <system-out/>
  <testcase name="addProject" time="0.109" classname="postRequestWithDifferntWays.DataProviderWithExcelFileTest"/>
  <system-out/>
  <testcase name="addProject" time="3.640" classname="postRequestWithDifferntWays.DataProviderWithExcelFileTest"/>
  <system-out/>
</testsuite> <!-- postRequestWithDifferntWays.DataProviderWithExcelFileTest -->
