<?xml version="1.0" encoding="UTF-8"?>
<!-- Generated by org.testng.reporters.JUnitReportReporter -->
<testsuite skipped="0" hostname="DESKTOP-77FO7BT" name="authenticationApi.Auth2" tests="1" failures="0" timestamp="2022-11-11T13:04:55 IST" time="7.482" errors="0">
  <testcase name="Auth2" time="7.482" classname="authenticationApi.Auth2"/>
  <system-out/>
</testsuite> <!-- authenticationApi.Auth2 -->
